<?xml version="1.0" encoding="UTF-8"?>
<testng-results ignored="0" total="4" passed="4" failed="0" skipped="0">
  <reporter-output>
  </reporter-output>
  <suite started-at="2022-03-27T15:21:51 ICT" name="Default suite" finished-at="2022-03-27T15:21:52 ICT" duration-ms="1021">
    <groups>
      <group name="cucumber">
        <method signature="AbstractTestNGCucumberTests.runScenario(io.cucumber.testng.PickleWrapper,io.cucumber.testng.FeatureWrapper)[pri:0, instance:Runners.Run@67c33749]" name="runScenario" class="io.cucumber.testng.AbstractTestNGCucumberTests"/>
      </group> <!-- cucumber -->
    </groups>
    <test started-at="2022-03-27T15:21:51 ICT" name="Default test" finished-at="2022-03-27T15:21:52 ICT" duration-ms="1021">
      <class name="Runners.Run">
        <test-method is-config="true" signature="setUpClass()[pri:0, instance:Runners.Run@67c33749]" started-at="2022-03-27T15:21:51 ICT" name="setUpClass" finished-at="2022-03-27T15:21:51 ICT" duration-ms="519" status="PASS">
          <reporter-output>
          </reporter-output>
        </test-method> <!-- setUpClass -->
        <test-method signature="runScenario(io.cucumber.testng.PickleWrapper,io.cucumber.testng.FeatureWrapper)[pri:0, instance:Runners.Run@67c33749]" started-at="2022-03-27T15:21:51 ICT" name="runScenario" description="Runs Cucumber Scenarios" data-provider="scenarios" finished-at="2022-03-27T15:21:52 ICT" duration-ms="288" status="PASS">
          <params>
            <param index="0">
              <value>
                <![CDATA["Attempt login with valid credentials"]]>
              </value>
            </param>
            <param index="1">
              <value>
                <![CDATA["Optional[Web Login]"]]>
              </value>
            </param>
          </params>
          <reporter-output>
          </reporter-output>
        </test-method> <!-- runScenario -->
        <test-method signature="runScenario(io.cucumber.testng.PickleWrapper,io.cucumber.testng.FeatureWrapper)[pri:0, instance:Runners.Run@67c33749]" started-at="2022-03-27T15:21:52 ICT" name="runScenario" description="Runs Cucumber Scenarios" data-provider="scenarios" finished-at="2022-03-27T15:21:52 ICT" duration-ms="31" status="PASS">
          <params>
            <param index="0">
              <value>
                <![CDATA["Attempt Login with invalid credentials"]]>
              </value>
            </param>
            <param index="1">
              <value>
                <![CDATA["Optional[Web Login]"]]>
              </value>
            </param>
          </params>
          <reporter-output>
          </reporter-output>
        </test-method> <!-- runScenario -->
        <test-method signature="runScenario(io.cucumber.testng.PickleWrapper,io.cucumber.testng.FeatureWrapper)[pri:0, instance:Runners.Run@67c33749]" started-at="2022-03-27T15:21:52 ICT" name="runScenario" description="Runs Cucumber Scenarios" data-provider="scenarios" finished-at="2022-03-27T15:21:52 ICT" duration-ms="17" status="PASS">
          <params>
            <param index="0">
              <value>
                <![CDATA["Check for company logo on login form"]]>
              </value>
            </param>
            <param index="1">
              <value>
                <![CDATA["Optional[Web Login]"]]>
              </value>
            </param>
          </params>
          <reporter-output>
          </reporter-output>
        </test-method> <!-- runScenario -->
        <test-method signature="runScenario(io.cucumber.testng.PickleWrapper,io.cucumber.testng.FeatureWrapper)[pri:0, instance:Runners.Run@67c33749]" started-at="2022-03-27T15:21:52 ICT" name="runScenario" description="Runs Cucumber Scenarios" data-provider="scenarios" finished-at="2022-03-27T15:21:52 ICT" duration-ms="48" status="PASS">
          <params>
            <param index="0">
              <value>
                <![CDATA["Initiate Forgot password flow"]]>
              </value>
            </param>
            <param index="1">
              <value>
                <![CDATA["Optional[Web Login]"]]>
              </value>
            </param>
          </params>
          <reporter-output>
          </reporter-output>
        </test-method> <!-- runScenario -->
        <test-method is-config="true" signature="tearDownClass()[pri:0, instance:Runners.Run@67c33749]" started-at="2022-03-27T15:21:52 ICT" name="tearDownClass" finished-at="2022-03-27T15:21:52 ICT" duration-ms="10" status="PASS">
          <reporter-output>
          </reporter-output>
        </test-method> <!-- tearDownClass -->
      </class> <!-- Runners.Run -->
    </test> <!-- Default test -->
  </suite> <!-- Default suite -->
</testng-results>
